<?xml version="1.0" encoding="UTF-8"?>
<!-- Generated by org.testng.reporters.JUnitReportReporter -->
<testsuite skipped="0" hostname="LAB_04_15" name="Selenium.ASSIGNMENT10.CalendarHandling" tests="1" failures="0" timestamp="2021-09-13T12:08:52 IST" time="12.801" errors="0">
  <testcase name="CalenderExample" time="12.801" classname="Selenium.ASSIGNMENT10.CalendarHandling"/>
  <system-out/>
</testsuite> <!-- Selenium.ASSIGNMENT10.CalendarHandling -->
