<?xml version="1.0" encoding="UTF-8"?>
<!-- Generated by org.testng.reporters.JUnitReportReporter -->
<testsuite skipped="0" hostname="LAB_04_15" name="Selenium.ASSIGNMENT10.Practice" tests="1" failures="0" timestamp="2021-09-20T11:56:46 IST" time="7.170" errors="0">
  <testcase name="Capturing_the_Screenshot_of_the_browser" time="7.170" classname="Selenium.ASSIGNMENT10.Practice"/>
  <system-out/>
</testsuite> <!-- Selenium.ASSIGNMENT10.Practice -->
