<?xml version="1.0" encoding="UTF-8"?>
<!-- Generated by org.testng.reporters.JUnitReportReporter -->
<testsuite skipped="0" hostname="LAB_04_15" name="Selenium.ASSIGNMENT10.AssignMent9" tests="1" failures="0" timestamp="2021-09-06T10:58:45 IST" time="6.464" errors="0">
  <testcase name="Handling_for_JS_Prompt" time="6.464" classname="Selenium.ASSIGNMENT10.AssignMent9"/>
  <system-out/>
</testsuite> <!-- Selenium.ASSIGNMENT10.AssignMent9 -->
