<?xml version="1.0" encoding="UTF-8"?>
<!-- Generated by org.testng.reporters.JUnitReportReporter -->
<testsuite skipped="0" hostname="LAB_04_15" name="Selenium.ASSIGNMENT10.AssignMent10" tests="1" failures="0" timestamp="2021-09-06T15:42:13 IST" time="13.144" errors="0">
  <testcase name="Capturing_the_Screenshot_of_the_browser" time="13.144" classname="Selenium.ASSIGNMENT10.AssignMent10"/>
  <system-out/>
</testsuite> <!-- Selenium.ASSIGNMENT10.AssignMent10 -->
