<?xml version="1.0" encoding="UTF-8"?>
<!-- Generated by org.testng.reporters.JUnitReportReporter -->
<testsuite skipped="0" hostname="LAB_04_15" name="Selenium.ASSIGNMENT10.AssignMent7" tests="1" failures="0" timestamp="2021-09-06T14:28:10 IST" time="6.393" errors="0">
  <testcase name="Switching_to_a_HTML_frame" time="6.393" classname="Selenium.ASSIGNMENT10.AssignMent7"/>
  <system-out/>
</testsuite> <!-- Selenium.ASSIGNMENT10.AssignMent7 -->
